14:36:36.169 [main] INFO  org.testng.internal.Utils - [TestNG] Running:
  C:\Users\sushm\Newworkplace\MyOpencart001\master.xml

14:36:39.987 [main] INFO  testCases.TC001_Account_RegisterationTest - ***Starting TC001_Account_RegisterationTest****
14:36:40.173 [main] INFO  testCases.TC001_Account_RegisterationTest - Clicked on MyAccount Link
14:36:41.028 [main] INFO  testCases.TC001_Account_RegisterationTest - Clicked on Register Link
14:36:41.031 [main] INFO  testCases.TC001_Account_RegisterationTest - Providing customer details....
14:36:42.677 [main] INFO  testCases.TC001_Account_RegisterationTest - Validating expected message....
14:36:42.784 [main] INFO  testCases.TC001_Account_RegisterationTest - finished TC001_Account_RegisterationTest 
14:36:46.108 [main] INFO  testCases.TC002_loginTest - *****Starting TC002_loginTest*****
14:36:48.051 [main] INFO  testCases.TC002_loginTest - validating the page*****
14:36:48.051 [main] INFO  testCases.TC002_loginTest - ****fished TC002_loginTest *****
14:37:45.323 [main] DEBUG org.testng.TestNG - suiteXmlPath: "C:\Users\sushm\Newworkplace\MyOpencart001\master.xml"
14:37:45.552 [main] INFO  org.testng.internal.Utils - [TestNG] Running:
  C:\Users\sushm\Newworkplace\MyOpencart001\master.xml

14:39:07.761 [main] DEBUG org.testng.TestNG - suiteXmlPath: "C:\Users\sushm\Newworkplace\MyOpencart001\master.xml"
14:39:08.008 [main] INFO  org.testng.internal.Utils - [TestNG] Running:
  C:\Users\sushm\Newworkplace\MyOpencart001\master.xml

14:40:54.995 [main] DEBUG org.testng.TestNG - suiteXmlPath: "C:\Users\sushm\Newworkplace\MyOpencart001\master.xml"
14:40:55.223 [main] INFO  org.testng.internal.Utils - [TestNG] Running:
  C:\Users\sushm\Newworkplace\MyOpencart001\master.xml

14:41:54.302 [main] DEBUG org.testng.TestNG - suiteXmlPath: "C:\Users\sushm\Newworkplace\MyOpencart001\master.xml"
14:41:54.527 [main] INFO  org.testng.internal.Utils - [TestNG] Running:
  C:\Users\sushm\Newworkplace\MyOpencart001\master.xml

14:41:57.794 [main] INFO  testCases.TC001_Account_RegisterationTest - ***Starting TC001_Account_RegisterationTest****
14:41:58.056 [main] INFO  testCases.TC001_Account_RegisterationTest - Clicked on MyAccount Link
14:41:58.653 [main] INFO  testCases.TC001_Account_RegisterationTest - Clicked on Register Link
14:41:58.655 [main] INFO  testCases.TC001_Account_RegisterationTest - Providing customer details....
14:42:00.366 [main] INFO  testCases.TC001_Account_RegisterationTest - Validating expected message....
14:42:00.421 [main] INFO  testCases.TC001_Account_RegisterationTest - finished TC001_Account_RegisterationTest 
14:42:03.739 [main] INFO  testCases.TC002_loginTest - *****Starting TC002_loginTest*****
14:42:05.433 [main] INFO  testCases.TC002_loginTest - validating the page*****
14:42:05.433 [main] INFO  testCases.TC002_loginTest - ****fished TC002_loginTest *****
14:43:01.680 [main] DEBUG org.testng.TestNG - suiteXmlPath: "C:\Users\sushm\Newworkplace\MyOpencart001\master.xml"
14:43:02.005 [main] INFO  org.testng.internal.Utils - [TestNG] Running:
  C:\Users\sushm\Newworkplace\MyOpencart001\master.xml

14:43:02.116 [main] INFO  testCases.TC001_Account_RegisterationTest - ***Starting TC001_Account_RegisterationTest****
14:43:02.173 [main] INFO  testCases.TC002_loginTest - *****Starting TC002_loginTest*****
14:43:30.731 [main] DEBUG org.testng.TestNG - suiteXmlPath: "C:\Users\sushm\Newworkplace\MyOpencart001\master.xml"
14:43:31.074 [main] INFO  org.testng.internal.Utils - [TestNG] Running:
  C:\Users\sushm\Newworkplace\MyOpencart001\master.xml

14:45:23.293 [main] DEBUG org.testng.TestNG - suiteXmlPath: "C:\Users\sushm\Newworkplace\MyOpencart001\master.xml"
14:45:23.515 [main] INFO  org.testng.internal.Utils - [TestNG] Running:
  C:\Users\sushm\Newworkplace\MyOpencart001\master.xml

14:46:22.290 [main] DEBUG org.testng.TestNG - suiteXmlPath: "C:\Users\sushm\Newworkplace\MyOpencart001\master.xml"
14:46:22.506 [main] INFO  org.testng.internal.Utils - [TestNG] Running:
  C:\Users\sushm\Newworkplace\MyOpencart001\master.xml

14:46:22.589 [main] INFO  testCases.TC001_Account_RegisterationTest - ***Starting TC001_Account_RegisterationTest****
14:46:22.639 [main] INFO  testCases.TC002_loginTest - *****Starting TC002_loginTest*****
14:47:13.107 [main] DEBUG org.testng.TestNG - suiteXmlPath: "C:\Users\sushm\Newworkplace\MyOpencart001\master.xml"
14:47:13.327 [main] INFO  org.testng.internal.Utils - [TestNG] Running:
  C:\Users\sushm\Newworkplace\MyOpencart001\master.xml

14:47:13.415 [main] INFO  testCases.TC001_Account_RegisterationTest - ***Starting TC001_Account_RegisterationTest****
14:47:13.493 [main] INFO  testCases.TC002_loginTest - *****Starting TC002_loginTest*****
14:48:45.412 [main] DEBUG org.testng.TestNG - suiteXmlPath: "C:\Users\sushm\Newworkplace\MyOpencart001\master.xml"
14:48:45.644 [main] INFO  org.testng.internal.Utils - [TestNG] Running:
  C:\Users\sushm\Newworkplace\MyOpencart001\master.xml

15:13:58.939 [main] DEBUG org.testng.TestNG - suiteXmlPath: "C:\Users\sushm\Newworkplace\MyOpencart001\master.xml"
