18:47:26.523 [main] INFO  org.testng.internal.Utils - [TestNG] Running:
  C:\Users\sushm\Newworkplace\MyOpencart001\master.xml

18:47:30.935 [main] INFO  testCases.TC001_Account_RegisterationTest - ***Starting TC001_Account_RegisterationTest****
18:47:31.172 [main] INFO  testCases.TC001_Account_RegisterationTest - Clicked on MyAccount Link
18:47:31.804 [main] INFO  testCases.TC001_Account_RegisterationTest - Clicked on Register Link
18:47:31.807 [main] INFO  testCases.TC001_Account_RegisterationTest - Providing customer details....
18:47:33.217 [main] INFO  testCases.TC001_Account_RegisterationTest - Validating expected message....
18:47:33.279 [main] INFO  testCases.TC001_Account_RegisterationTest - finished TC001_Account_RegisterationTest 
18:47:36.976 [main] INFO  testCases.TC002_loginTest - *****Starting TC002_loginTest*****
18:47:38.787 [main] INFO  testCases.TC002_loginTest - validating the page*****
18:47:38.787 [main] INFO  testCases.TC002_loginTest - ****fished TC002_loginTest *****
18:49:15.211 [main] DEBUG org.testng.TestNG - suiteXmlPath: "C:\Users\sushm\Newworkplace\MyOpencart001\master.xml"
18:49:15.457 [main] INFO  org.testng.internal.Utils - [TestNG] Running:
  C:\Users\sushm\Newworkplace\MyOpencart001\master.xml

18:49:19.858 [main] INFO  testCases.TC001_Account_RegisterationTest - ***Starting TC001_Account_RegisterationTest****
18:49:19.989 [main] INFO  testCases.TC001_Account_RegisterationTest - Clicked on MyAccount Link
18:49:20.817 [main] INFO  testCases.TC001_Account_RegisterationTest - Clicked on Register Link
18:49:20.820 [main] INFO  testCases.TC001_Account_RegisterationTest - Providing customer details....
18:49:22.015 [main] INFO  testCases.TC001_Account_RegisterationTest - Validating expected message....
18:49:32.055 [main] ERROR testCases.TC001_Account_RegisterationTest - Test Failed...
18:49:32.055 [main] DEBUG testCases.TC001_Account_RegisterationTest - Debug logs...
18:49:36.077 [main] INFO  testCases.TC002_loginTest - *****Starting TC002_loginTest*****
18:49:38.031 [main] INFO  testCases.TC002_loginTest - validating the page*****
18:49:38.032 [main] INFO  testCases.TC002_loginTest - ****fished TC002_loginTest *****
18:50:28.576 [main] DEBUG org.testng.TestNG - suiteXmlPath: "C:\Users\sushm\Newworkplace\MyOpencart001\master.xml"
18:50:28.817 [main] INFO  org.testng.internal.Utils - [TestNG] Running:
  C:\Users\sushm\Newworkplace\MyOpencart001\master.xml

18:50:32.727 [main] INFO  testCases.TC001_Account_RegisterationTest - ***Starting TC001_Account_RegisterationTest****
18:50:32.866 [main] INFO  testCases.TC001_Account_RegisterationTest - Clicked on MyAccount Link
18:50:33.433 [main] INFO  testCases.TC001_Account_RegisterationTest - Clicked on Register Link
18:50:33.434 [main] INFO  testCases.TC001_Account_RegisterationTest - Providing customer details....
18:50:35.121 [main] INFO  testCases.TC001_Account_RegisterationTest - Validating expected message....
18:50:35.182 [main] INFO  testCases.TC001_Account_RegisterationTest - finished TC001_Account_RegisterationTest 
18:50:38.736 [main] INFO  testCases.TC002_loginTest - *****Starting TC002_loginTest*****
18:50:40.595 [main] INFO  testCases.TC002_loginTest - validating the page*****
18:50:40.595 [main] INFO  testCases.TC002_loginTest - ****fished TC002_loginTest *****
18:53:32.453 [main] DEBUG org.testng.TestNG - suiteXmlPath: "C:\Users\sushm\AppData\Local\Temp\testng-eclipse--2062453817\testng-customsuite.xml"
18:53:32.716 [main] INFO  org.testng.internal.Utils - [Utils] MethodGroupsHelper.collectMethodsByGroup() took 1 ms.
18:53:32.718 [main] INFO  org.testng.internal.Utils - [Utils] MethodGroupsHelper.sortMethods() took 1 ms.
18:53:32.720 [main] INFO  org.testng.internal.Utils - [Utils] MethodGroupsHelper.collectMethodsByGroup() took 0 ms.
18:53:32.720 [main] INFO  org.testng.internal.Utils - [Utils] MethodGroupsHelper.sortMethods() took 0 ms.
18:53:32.720 [main] INFO  org.testng.internal.Utils - [Utils] MethodGroupsHelper.collectMethodsByGroup() took 0 ms.
18:53:32.721 [main] INFO  org.testng.internal.Utils - [Utils] MethodGroupsHelper.sortMethods() took 0 ms.
18:53:32.721 [main] INFO  org.testng.internal.Utils - [Utils] MethodGroupsHelper.collectMethodsByGroup() took 0 ms.
18:53:32.721 [main] INFO  org.testng.internal.Utils - [Utils] MethodGroupsHelper.sortMethods() took 0 ms.
18:53:32.729 [main] INFO  org.testng.internal.Utils - [Utils] MethodGroupsHelper.collectMethodsByGroup() took 5 ms.
18:53:32.735 [main] INFO  org.testng.internal.Utils - [Utils] MethodGroupsHelper.sortMethods() took 6 ms.
18:53:32.737 [main] INFO  org.testng.internal.Utils - [Utils] MethodGroupsHelper.collectMethodsByGroup() took 1 ms.
18:53:32.737 [main] INFO  org.testng.internal.Utils - [Utils] MethodGroupsHelper.sortMethods() took 0 ms.
18:53:32.738 [main] INFO  org.testng.internal.Utils - [Utils] MethodGroupsHelper.collectMethodsByGroup() took 0 ms.
18:53:32.738 [main] INFO  org.testng.internal.Utils - [Utils] MethodGroupsHelper.sortMethods() took 0 ms.
